<?xml version="1.0" encoding="UTF-8"?>
<!-- Generated by org.testng.reporters.JUnitReportReporter -->
<testsuite skipped="0" hostname="PC-20180129VJQF" name="com.pinke.tests.TestNGLearn1" tests="1" failures="0" timestamp="01 五月 2018 05:23:30 GMT" time="0.006" errors="0">
  <testcase name="TestNgLearn" time="0.006" classname="com.pinke.tests.TestNGLearn1"/>
</testsuite> <!-- com.pinke.tests.TestNGLearn1 -->
