<?xml version="1.0" encoding="UTF-8"?>
<!-- Generated by org.testng.reporters.JUnitReportReporter -->
<testsuite skipped="0" hostname="PC-20180129VJQF" name="com.pinke.tests.SearchBookApiTest" tests="1" failures="0" timestamp="02 五月 2018 15:00:28 GMT" time="0.233" errors="0">
  <testcase name="testSearcheBook" time="0.233" classname="com.pinke.tests.SearchBookApiTest"/>
</testsuite> <!-- com.pinke.tests.SearchBookApiTest -->
