<?xml version="1.0" encoding="UTF-8"?>
<!-- Generated by org.testng.reporters.JUnitReportReporter -->
<testsuite skipped="0" hostname="PC-20180129VJQF" name="com.pinke.tests.SearchBookApiTest" tests="1" failures="0" timestamp="03 五月 2018 01:37:05 GMT" time="0.227" errors="0">
  <testcase name="testSearcheBook" time="0.227" classname="com.pinke.tests.SearchBookApiTest"/>
</testsuite> <!-- com.pinke.tests.SearchBookApiTest -->
